{"/Users/tosaojiru/src/repos/websites/submodules/distractiondodge/js/demo.js": {"path":"/Users/tosaojiru/src/repos/websites/submodules/distractiondodge/js/demo.js","statementMap":{"0":{"start":{"line":5,"column":0},"end":{"line":329,"column":5}},"1":{"start":{"line":9,"column":27},"end":{"line":9,"column":29}},"2":{"start":{"line":10,"column":27},"end":{"line":10,"column":31}},"3":{"start":{"line":11,"column":27},"end":{"line":11,"column":31}},"4":{"start":{"line":12,"column":27},"end":{"line":12,"column":28}},"5":{"start":{"line":13,"column":27},"end":{"line":13,"column":29}},"6":{"start":{"line":14,"column":27},"end":{"line":14,"column":29}},"7":{"start":{"line":16,"column":22},"end":{"line":16,"column":73}},"8":{"start":{"line":17,"column":22},"end":{"line":17,"column":90}},"9":{"start":{"line":18,"column":22},"end":{"line":18,"column":116}},"10":{"start":{"line":20,"column":18},"end":{"line":23,"column":3}},"11":{"start":{"line":26,"column":21},"end":{"line":26,"column":26}},"12":{"start":{"line":27,"column":21},"end":{"line":27,"column":22}},"13":{"start":{"line":28,"column":21},"end":{"line":28,"column":22}},"14":{"start":{"line":29,"column":21},"end":{"line":29,"column":34}},"15":{"start":{"line":30,"column":21},"end":{"line":30,"column":25}},"16":{"start":{"line":31,"column":21},"end":{"line":31,"column":23}},"17":{"start":{"line":32,"column":21},"end":{"line":32,"column":25}},"18":{"start":{"line":33,"column":21},"end":{"line":33,"column":25}},"19":{"start":{"line":34,"column":21},"end":{"line":34,"column":25}},"20":{"start":{"line":35,"column":21},"end":{"line":35,"column":25}},"21":{"start":{"line":36,"column":21},"end":{"line":36,"column":22}},"22":{"start":{"line":39,"column":22},"end":{"line":39,"column":60}},"23":{"start":{"line":40,"column":22},"end":{"line":40,"column":45}},"24":{"start":{"line":41,"column":22},"end":{"line":41,"column":61}},"25":{"start":{"line":42,"column":22},"end":{"line":42,"column":59}},"26":{"start":{"line":43,"column":22},"end":{"line":43,"column":62}},"27":{"start":{"line":44,"column":22},"end":{"line":44,"column":62}},"28":{"start":{"line":45,"column":22},"end":{"line":45,"column":62}},"29":{"start":{"line":46,"column":22},"end":{"line":46,"column":59}},"30":{"start":{"line":47,"column":22},"end":{"line":47,"column":66}},"31":{"start":{"line":50,"column":19},"end":{"line":50,"column":61}},"32":{"start":{"line":51,"column":19},"end":{"line":51,"column":73}},"33":{"start":{"line":52,"column":20},"end":{"line":52,"column":74}},"34":{"start":{"line":53,"column":19},"end":{"line":53,"column":73}},"35":{"start":{"line":54,"column":19},"end":{"line":54,"column":73}},"36":{"start":{"line":58,"column":18},"end":{"line":58,"column":31}},"37":{"start":{"line":59,"column":4},"end":{"line":59,"column":60}},"38":{"start":{"line":62,"column":31},"end":{"line":62,"column":72}},"39":{"start":{"line":63,"column":31},"end":{"line":63,"column":73}},"40":{"start":{"line":67,"column":4},"end":{"line":67,"column":26}},"41":{"start":{"line":67,"column":19},"end":{"line":67,"column":26}},"42":{"start":{"line":68,"column":4},"end":{"line":68,"column":29}},"43":{"start":{"line":69,"column":4},"end":{"line":69,"column":26}},"44":{"start":{"line":70,"column":4},"end":{"line":70,"column":17}},"45":{"start":{"line":74,"column":4},"end":{"line":74,"column":20}},"46":{"start":{"line":75,"column":4},"end":{"line":75,"column":42}},"47":{"start":{"line":76,"column":4},"end":{"line":76,"column":25}},"48":{"start":{"line":77,"column":4},"end":{"line":77,"column":15}},"49":{"start":{"line":78,"column":4},"end":{"line":78,"column":26}},"50":{"start":{"line":82,"column":14},"end":{"line":82,"column":20}},"51":{"start":{"line":83,"column":4},"end":{"line":83,"column":20}},"52":{"start":{"line":84,"column":4},"end":{"line":85,"column":54}},"53":{"start":{"line":84,"column":23},"end":{"line":84,"column":62}},"54":{"start":{"line":85,"column":23},"end":{"line":85,"column":54}},"55":{"start":{"line":86,"column":4},"end":{"line":86,"column":25}},"56":{"start":{"line":87,"column":4},"end":{"line":87,"column":15}},"57":{"start":{"line":88,"column":4},"end":{"line":88,"column":26}},"58":{"start":{"line":92,"column":14},"end":{"line":92,"column":23}},"59":{"start":{"line":93,"column":4},"end":{"line":93,"column":20}},"60":{"start":{"line":94,"column":4},"end":{"line":94,"column":39}},"61":{"start":{"line":95,"column":4},"end":{"line":95,"column":39}},"62":{"start":{"line":96,"column":4},"end":{"line":96,"column":39}},"63":{"start":{"line":97,"column":4},"end":{"line":97,"column":20}},"64":{"start":{"line":98,"column":4},"end":{"line":98,"column":25}},"65":{"start":{"line":99,"column":4},"end":{"line":99,"column":15}},"66":{"start":{"line":100,"column":4},"end":{"line":100,"column":26}},"67":{"start":{"line":104,"column":19},"end":{"line":104,"column":25}},"68":{"start":{"line":105,"column":19},"end":{"line":105,"column":32}},"69":{"start":{"line":106,"column":4},"end":{"line":106,"column":20}},"70":{"start":{"line":107,"column":4},"end":{"line":113,"column":5}},"71":{"start":{"line":107,"column":17},"end":{"line":107,"column":18}},"72":{"start":{"line":108,"column":20},"end":{"line":108,"column":49}},"73":{"start":{"line":109,"column":20},"end":{"line":109,"column":51}},"74":{"start":{"line":110,"column":20},"end":{"line":110,"column":43}},"75":{"start":{"line":111,"column":20},"end":{"line":111,"column":43}},"76":{"start":{"line":112,"column":6},"end":{"line":112,"column":56}},"77":{"start":{"line":114,"column":4},"end":{"line":114,"column":20}},"78":{"start":{"line":115,"column":4},"end":{"line":115,"column":25}},"79":{"start":{"line":116,"column":4},"end":{"line":116,"column":15}},"80":{"start":{"line":117,"column":4},"end":{"line":117,"column":26}},"81":{"start":{"line":121,"column":14},"end":{"line":121,"column":20}},"82":{"start":{"line":122,"column":4},"end":{"line":122,"column":20}},"83":{"start":{"line":123,"column":4},"end":{"line":123,"column":29}},"84":{"start":{"line":124,"column":4},"end":{"line":124,"column":29}},"85":{"start":{"line":125,"column":4},"end":{"line":125,"column":29}},"86":{"start":{"line":126,"column":4},"end":{"line":126,"column":29}},"87":{"start":{"line":127,"column":4},"end":{"line":127,"column":20}},"88":{"start":{"line":128,"column":4},"end":{"line":128,"column":25}},"89":{"start":{"line":129,"column":4},"end":{"line":129,"column":15}},"90":{"start":{"line":130,"column":4},"end":{"line":130,"column":26}},"91":{"start":{"line":134,"column":15},"end":{"line":134,"column":62}},"92":{"start":{"line":135,"column":15},"end":{"line":135,"column":62}},"93":{"start":{"line":136,"column":4},"end":{"line":142,"column":5}},"94":{"start":{"line":137,"column":23},"end":{"line":137,"column":72}},"95":{"start":{"line":137,"column":73},"end":{"line":137,"column":79}},"96":{"start":{"line":138,"column":23},"end":{"line":138,"column":72}},"97":{"start":{"line":138,"column":73},"end":{"line":138,"column":79}},"98":{"start":{"line":139,"column":23},"end":{"line":139,"column":72}},"99":{"start":{"line":139,"column":73},"end":{"line":139,"column":79}},"100":{"start":{"line":140,"column":23},"end":{"line":140,"column":72}},"101":{"start":{"line":140,"column":73},"end":{"line":140,"column":79}},"102":{"start":{"line":141,"column":23},"end":{"line":141,"column":72}},"103":{"start":{"line":141,"column":73},"end":{"line":141,"column":79}},"104":{"start":{"line":144,"column":4},"end":{"line":152,"column":5}},"105":{"start":{"line":145,"column":6},"end":{"line":145,"column":22}},"106":{"start":{"line":146,"column":6},"end":{"line":146,"column":54}},"107":{"start":{"line":147,"column":6},"end":{"line":147,"column":34}},"108":{"start":{"line":148,"column":6},"end":{"line":148,"column":26}},"109":{"start":{"line":149,"column":6},"end":{"line":149,"column":58}},"110":{"start":{"line":150,"column":6},"end":{"line":150,"column":19}},"111":{"start":{"line":151,"column":6},"end":{"line":151,"column":26}},"112":{"start":{"line":157,"column":15},"end":{"line":157,"column":23}},"113":{"start":{"line":158,"column":15},"end":{"line":158,"column":23}},"114":{"start":{"line":159,"column":15},"end":{"line":159,"column":29}},"115":{"start":{"line":160,"column":4},"end":{"line":165,"column":5}},"116":{"start":{"line":161,"column":22},"end":{"line":161,"column":70}},"117":{"start":{"line":163,"column":22},"end":{"line":163,"column":63}},"118":{"start":{"line":164,"column":22},"end":{"line":164,"column":68}},"119":{"start":{"line":170,"column":19},"end":{"line":170,"column":31}},"120":{"start":{"line":171,"column":19},"end":{"line":171,"column":32}},"121":{"start":{"line":172,"column":19},"end":{"line":172,"column":34}},"122":{"start":{"line":175,"column":23},"end":{"line":175,"column":59}},"123":{"start":{"line":175,"column":42},"end":{"line":175,"column":58}},"124":{"start":{"line":176,"column":18},"end":{"line":176,"column":30}},"125":{"start":{"line":177,"column":4},"end":{"line":179,"column":5}},"126":{"start":{"line":177,"column":17},"end":{"line":177,"column":18}},"127":{"start":{"line":178,"column":6},"end":{"line":178,"column":64}},"128":{"start":{"line":181,"column":4},"end":{"line":184,"column":5}},"129":{"start":{"line":181,"column":17},"end":{"line":181,"column":33}},"130":{"start":{"line":182,"column":16},"end":{"line":182,"column":29}},"131":{"start":{"line":183,"column":6},"end":{"line":183,"column":50}},"132":{"start":{"line":186,"column":19},"end":{"line":186,"column":21}},"133":{"start":{"line":187,"column":25},"end":{"line":187,"column":30}},"134":{"start":{"line":189,"column":4},"end":{"line":207,"column":5}},"135":{"start":{"line":189,"column":17},"end":{"line":189,"column":18}},"136":{"start":{"line":190,"column":23},"end":{"line":190,"column":31}},"137":{"start":{"line":191,"column":23},"end":{"line":191,"column":61}},"138":{"start":{"line":192,"column":6},"end":{"line":192,"column":42}},"139":{"start":{"line":192,"column":20},"end":{"line":192,"column":42}},"140":{"start":{"line":193,"column":23},"end":{"line":193,"column":57}},"141":{"start":{"line":194,"column":23},"end":{"line":194,"column":76}},"142":{"start":{"line":196,"column":24},"end":{"line":196,"column":25}},"143":{"start":{"line":197,"column":6},"end":{"line":204,"column":10}},"144":{"start":{"line":198,"column":8},"end":{"line":198,"column":37}},"145":{"start":{"line":199,"column":8},"end":{"line":199,"column":37}},"146":{"start":{"line":200,"column":8},"end":{"line":200,"column":16}},"147":{"start":{"line":202,"column":21},"end":{"line":202,"column":45}},"148":{"start":{"line":203,"column":8},"end":{"line":203,"column":51}},"149":{"start":{"line":206,"column":6},"end":{"line":206,"column":75}},"150":{"start":{"line":208,"column":4},"end":{"line":208,"column":18}},"151":{"start":{"line":213,"column":4},"end":{"line":213,"column":53}},"152":{"start":{"line":214,"column":4},"end":{"line":214,"column":56}},"153":{"start":{"line":214,"column":34},"end":{"line":214,"column":56}},"154":{"start":{"line":215,"column":4},"end":{"line":215,"column":21}},"155":{"start":{"line":216,"column":4},"end":{"line":216,"column":59}},"156":{"start":{"line":216,"column":21},"end":{"line":216,"column":59}},"157":{"start":{"line":221,"column":17},"end":{"line":221,"column":42}},"158":{"start":{"line":222,"column":17},"end":{"line":222,"column":30}},"159":{"start":{"line":223,"column":4},"end":{"line":223,"column":75}},"160":{"start":{"line":224,"column":29},"end":{"line":224,"column":42}},"161":{"start":{"line":225,"column":29},"end":{"line":225,"column":42}},"162":{"start":{"line":226,"column":4},"end":{"line":226,"column":57}},"163":{"start":{"line":227,"column":4},"end":{"line":227,"column":39}},"164":{"start":{"line":228,"column":4},"end":{"line":228,"column":39}},"165":{"start":{"line":230,"column":4},"end":{"line":232,"column":66}},"166":{"start":{"line":230,"column":25},"end":{"line":230,"column":63}},"167":{"start":{"line":231,"column":9},"end":{"line":232,"column":66}},"168":{"start":{"line":231,"column":25},"end":{"line":231,"column":67}},"169":{"start":{"line":232,"column":25},"end":{"line":232,"column":66}},"170":{"start":{"line":236,"column":4},"end":{"line":236,"column":95}},"171":{"start":{"line":241,"column":4},"end":{"line":241,"column":13}},"172":{"start":{"line":241,"column":14},"end":{"line":241,"column":25}},"173":{"start":{"line":241,"column":26},"end":{"line":241,"column":51}},"174":{"start":{"line":241,"column":52},"end":{"line":241,"column":64}},"175":{"start":{"line":242,"column":4},"end":{"line":242,"column":23}},"176":{"start":{"line":244,"column":4},"end":{"line":244,"column":35}},"177":{"start":{"line":245,"column":4},"end":{"line":245,"column":33}},"178":{"start":{"line":247,"column":4},"end":{"line":247,"column":57}},"179":{"start":{"line":248,"column":4},"end":{"line":248,"column":21}},"180":{"start":{"line":249,"column":4},"end":{"line":249,"column":33}},"181":{"start":{"line":250,"column":4},"end":{"line":250,"column":15}},"182":{"start":{"line":251,"column":4},"end":{"line":251,"column":42}},"183":{"start":{"line":253,"column":4},"end":{"line":255,"column":24}},"184":{"start":{"line":254,"column":6},"end":{"line":254,"column":35}},"185":{"start":{"line":257,"column":4},"end":{"line":260,"column":24}},"186":{"start":{"line":258,"column":6},"end":{"line":258,"column":57}},"187":{"start":{"line":259,"column":6},"end":{"line":259,"column":23}},"188":{"start":{"line":262,"column":4},"end":{"line":266,"column":13}},"189":{"start":{"line":263,"column":6},"end":{"line":263,"column":17}},"190":{"start":{"line":264,"column":6},"end":{"line":264,"column":17}},"191":{"start":{"line":265,"column":6},"end":{"line":265,"column":35}},"192":{"start":{"line":265,"column":25},"end":{"line":265,"column":35}},"193":{"start":{"line":270,"column":4},"end":{"line":270,"column":24}},"194":{"start":{"line":271,"column":4},"end":{"line":271,"column":30}},"195":{"start":{"line":272,"column":4},"end":{"line":272,"column":30}},"196":{"start":{"line":273,"column":4},"end":{"line":273,"column":29}},"197":{"start":{"line":274,"column":4},"end":{"line":274,"column":32}},"198":{"start":{"line":276,"column":4},"end":{"line":276,"column":33}},"199":{"start":{"line":277,"column":16},"end":{"line":277,"column":29}},"200":{"start":{"line":280,"column":4},"end":{"line":280,"column":44}},"201":{"start":{"line":281,"column":4},"end":{"line":281,"column":52}},"202":{"start":{"line":283,"column":4},"end":{"line":283,"column":35}},"203":{"start":{"line":284,"column":4},"end":{"line":290,"column":14}},"204":{"start":{"line":291,"column":4},"end":{"line":291,"column":84}},"205":{"start":{"line":296,"column":4},"end":{"line":296,"column":29}},"206":{"start":{"line":296,"column":22},"end":{"line":296,"column":29}},"207":{"start":{"line":297,"column":18},"end":{"line":297,"column":48}},"208":{"start":{"line":298,"column":19},"end":{"line":298,"column":45}},"209":{"start":{"line":299,"column":19},"end":{"line":299,"column":46}},"210":{"start":{"line":300,"column":19},"end":{"line":300,"column":49}},"211":{"start":{"line":301,"column":19},"end":{"line":301,"column":49}},"212":{"start":{"line":303,"column":20},"end":{"line":303,"column":25}},"213":{"start":{"line":304,"column":20},"end":{"line":304,"column":25}},"214":{"start":{"line":305,"column":4},"end":{"line":311,"column":5}},"215":{"start":{"line":306,"column":6},"end":{"line":310,"column":7}},"216":{"start":{"line":307,"column":8},"end":{"line":307,"column":25}},"217":{"start":{"line":308,"column":8},"end":{"line":308,"column":31}},"218":{"start":{"line":309,"column":8},"end":{"line":309,"column":14}},"219":{"start":{"line":312,"column":4},"end":{"line":312,"column":24}},"220":{"start":{"line":312,"column":17},"end":{"line":312,"column":24}},"221":{"start":{"line":314,"column":4},"end":{"line":314,"column":41}},"222":{"start":{"line":314,"column":19},"end":{"line":314,"column":26}},"223":{"start":{"line":314,"column":32},"end":{"line":314,"column":41}},"224":{"start":{"line":315,"column":4},"end":{"line":315,"column":15}},"225":{"start":{"line":316,"column":4},"end":{"line":316,"column":33}},"226":{"start":{"line":319,"column":2},"end":{"line":319,"column":75}},"227":{"start":{"line":319,"column":40},"end":{"line":319,"column":73}},"228":{"start":{"line":320,"column":2},"end":{"line":324,"column":25}},"229":{"start":{"line":321,"column":4},"end":{"line":321,"column":23}},"230":{"start":{"line":322,"column":14},"end":{"line":322,"column":33}},"231":{"start":{"line":323,"column":4},"end":{"line":323,"column":38}},"232":{"start":{"line":327,"column":2},"end":{"line":327,"column":81}}},"fnMap":{"0":{"name":"(anonymous_0)","decl":{"start":{"line":5,"column":1},"end":{"line":5,"column":2}},"loc":{"start":{"line":5,"column":13},"end":{"line":329,"column":1}},"line":5},"1":{"name":"getAccuracy","decl":{"start":{"line":57,"column":11},"end":{"line":57,"column":22}},"loc":{"start":{"line":57,"column":25},"end":{"line":60,"column":3}},"line":57},"2":{"name":"rand","decl":{"start":{"line":62,"column":11},"end":{"line":62,"column":15}},"loc":{"start":{"line":62,"column":29},"end":{"line":62,"column":74}},"line":62},"3":{"name":"randInt","decl":{"start":{"line":63,"column":11},"end":{"line":63,"column":18}},"loc":{"start":{"line":63,"column":29},"end":{"line":63,"column":75}},"line":63},"4":{"name":"applyStroke","decl":{"start":{"line":66,"column":11},"end":{"line":66,"column":22}},"loc":{"start":{"line":66,"column":33},"end":{"line":71,"column":3}},"line":66},"5":{"name":"drawCircle","decl":{"start":{"line":73,"column":11},"end":{"line":73,"column":21}},"loc":{"start":{"line":73,"column":48},"end":{"line":79,"column":3}},"line":73},"6":{"name":"drawSquare","decl":{"start":{"line":81,"column":11},"end":{"line":81,"column":21}},"loc":{"start":{"line":81,"column":48},"end":{"line":89,"column":3}},"line":81},"7":{"name":"drawTriangle","decl":{"start":{"line":91,"column":11},"end":{"line":91,"column":23}},"loc":{"start":{"line":91,"column":50},"end":{"line":101,"column":3}},"line":91},"8":{"name":"drawStar","decl":{"start":{"line":103,"column":11},"end":{"line":103,"column":19}},"loc":{"start":{"line":103,"column":46},"end":{"line":118,"column":3}},"line":103},"9":{"name":"drawDiamond","decl":{"start":{"line":120,"column":11},"end":{"line":120,"column":22}},"loc":{"start":{"line":120,"column":49},"end":{"line":131,"column":3}},"line":120},"10":{"name":"drawShape","decl":{"start":{"line":133,"column":11},"end":{"line":133,"column":20}},"loc":{"start":{"line":133,"column":32},"end":{"line":153,"column":3}},"line":133},"11":{"name":"hitTest","decl":{"start":{"line":156,"column":11},"end":{"line":156,"column":18}},"loc":{"start":{"line":156,"column":30},"end":{"line":166,"column":3}},"line":156},"12":{"name":"placeShapes","decl":{"start":{"line":169,"column":11},"end":{"line":169,"column":22}},"loc":{"start":{"line":169,"column":25},"end":{"line":209,"column":3}},"line":169},"13":{"name":"(anonymous_13)","decl":{"start":{"line":175,"column":37},"end":{"line":175,"column":38}},"loc":{"start":{"line":175,"column":42},"end":{"line":175,"column":58}},"line":175},"14":{"name":"(anonymous_14)","decl":{"start":{"line":201,"column":41},"end":{"line":201,"column":42}},"loc":{"start":{"line":201,"column":46},"end":{"line":204,"column":7}},"line":201},"15":{"name":"render","decl":{"start":{"line":212,"column":11},"end":{"line":212,"column":17}},"loc":{"start":{"line":212,"column":20},"end":{"line":217,"column":3}},"line":212},"16":{"name":"updateUI","decl":{"start":{"line":220,"column":11},"end":{"line":220,"column":19}},"loc":{"start":{"line":220,"column":22},"end":{"line":233,"column":3}},"line":220},"17":{"name":"setTargetLabel","decl":{"start":{"line":235,"column":11},"end":{"line":235,"column":25}},"loc":{"start":{"line":235,"column":28},"end":{"line":237,"column":3}},"line":235},"18":{"name":"startGame","decl":{"start":{"line":240,"column":11},"end":{"line":240,"column":20}},"loc":{"start":{"line":240,"column":23},"end":{"line":267,"column":3}},"line":240},"19":{"name":"(anonymous_19)","decl":{"start":{"line":253,"column":29},"end":{"line":253,"column":30}},"loc":{"start":{"line":253,"column":35},"end":{"line":255,"column":5}},"line":253},"20":{"name":"(anonymous_20)","decl":{"start":{"line":257,"column":29},"end":{"line":257,"column":30}},"loc":{"start":{"line":257,"column":35},"end":{"line":260,"column":5}},"line":257},"21":{"name":"(anonymous_21)","decl":{"start":{"line":262,"column":28},"end":{"line":262,"column":29}},"loc":{"start":{"line":262,"column":34},"end":{"line":266,"column":5}},"line":262},"22":{"name":"endGame","decl":{"start":{"line":269,"column":11},"end":{"line":269,"column":18}},"loc":{"start":{"line":269,"column":21},"end":{"line":292,"column":3}},"line":269},"23":{"name":"handleInput","decl":{"start":{"line":295,"column":11},"end":{"line":295,"column":22}},"loc":{"start":{"line":295,"column":41},"end":{"line":317,"column":3}},"line":295},"24":{"name":"(anonymous_24)","decl":{"start":{"line":319,"column":35},"end":{"line":319,"column":36}},"loc":{"start":{"line":319,"column":40},"end":{"line":319,"column":73}},"line":319},"25":{"name":"(anonymous_25)","decl":{"start":{"line":320,"column":40},"end":{"line":320,"column":41}},"loc":{"start":{"line":320,"column":45},"end":{"line":324,"column":3}},"line":320}},"branchMap":{"0":{"loc":{"start":{"line":51,"column":19},"end":{"line":51,"column":73}},"type":"binary-expr","locations":[{"start":{"line":51,"column":19},"end":{"line":51,"column":57}},{"start":{"line":51,"column":64},"end":{"line":51,"column":73}}],"line":51},"1":{"loc":{"start":{"line":52,"column":20},"end":{"line":52,"column":74}},"type":"binary-expr","locations":[{"start":{"line":52,"column":20},"end":{"line":52,"column":61}},{"start":{"line":52,"column":65},"end":{"line":52,"column":74}}],"line":52},"2":{"loc":{"start":{"line":53,"column":19},"end":{"line":53,"column":73}},"type":"binary-expr","locations":[{"start":{"line":53,"column":19},"end":{"line":53,"column":60}},{"start":{"line":53,"column":64},"end":{"line":53,"column":73}}],"line":53},"3":{"loc":{"start":{"line":54,"column":19},"end":{"line":54,"column":73}},"type":"binary-expr","locations":[{"start":{"line":54,"column":19},"end":{"line":54,"column":58}},{"start":{"line":54,"column":64},"end":{"line":54,"column":73}}],"line":54},"4":{"loc":{"start":{"line":59,"column":11},"end":{"line":59,"column":59}},"type":"cond-expr","locations":[{"start":{"line":59,"column":25},"end":{"line":59,"column":26}},{"start":{"line":59,"column":29},"end":{"line":59,"column":59}}],"line":59},"5":{"loc":{"start":{"line":67,"column":4},"end":{"line":67,"column":26}},"type":"if","locations":[{"start":{"line":67,"column":4},"end":{"line":67,"column":26}},{"start":{},"end":{}}],"line":67},"6":{"loc":{"start":{"line":84,"column":4},"end":{"line":85,"column":54}},"type":"if","locations":[{"start":{"line":84,"column":4},"end":{"line":85,"column":54}},{"start":{"line":85,"column":23},"end":{"line":85,"column":54}}],"line":84},"7":{"loc":{"start":{"line":108,"column":20},"end":{"line":108,"column":49}},"type":"cond-expr","locations":[{"start":{"line":108,"column":34},"end":{"line":108,"column":40}},{"start":{"line":108,"column":43},"end":{"line":108,"column":49}}],"line":108},"8":{"loc":{"start":{"line":112,"column":6},"end":{"line":112,"column":55}},"type":"cond-expr","locations":[{"start":{"line":112,"column":16},"end":{"line":112,"column":34}},{"start":{"line":112,"column":37},"end":{"line":112,"column":55}}],"line":112},"9":{"loc":{"start":{"line":136,"column":4},"end":{"line":142,"column":5}},"type":"switch","locations":[{"start":{"line":137,"column":6},"end":{"line":137,"column":79}},{"start":{"line":138,"column":6},"end":{"line":138,"column":79}},{"start":{"line":139,"column":6},"end":{"line":139,"column":79}},{"start":{"line":140,"column":6},"end":{"line":140,"column":79}},{"start":{"line":141,"column":6},"end":{"line":141,"column":79}}],"line":136},"10":{"loc":{"start":{"line":144,"column":4},"end":{"line":152,"column":5}},"type":"if","locations":[{"start":{"line":144,"column":4},"end":{"line":152,"column":5}},{"start":{},"end":{}}],"line":144},"11":{"loc":{"start":{"line":160,"column":4},"end":{"line":165,"column":5}},"type":"switch","locations":[{"start":{"line":161,"column":6},"end":{"line":161,"column":70}},{"start":{"line":162,"column":6},"end":{"line":162,"column":20}},{"start":{"line":163,"column":6},"end":{"line":163,"column":63}},{"start":{"line":164,"column":6},"end":{"line":164,"column":68}}],"line":160},"12":{"loc":{"start":{"line":164,"column":29},"end":{"line":164,"column":67}},"type":"binary-expr","locations":[{"start":{"line":164,"column":29},"end":{"line":164,"column":46}},{"start":{"line":164,"column":50},"end":{"line":164,"column":67}}],"line":164},"13":{"loc":{"start":{"line":191,"column":23},"end":{"line":191,"column":61}},"type":"binary-expr","locations":[{"start":{"line":191,"column":23},"end":{"line":191,"column":42}},{"start":{"line":191,"column":46},"end":{"line":191,"column":61}}],"line":191},"14":{"loc":{"start":{"line":192,"column":6},"end":{"line":192,"column":42}},"type":"if","locations":[{"start":{"line":192,"column":6},"end":{"line":192,"column":42}},{"start":{},"end":{}}],"line":192},"15":{"loc":{"start":{"line":193,"column":23},"end":{"line":193,"column":57}},"type":"cond-expr","locations":[{"start":{"line":193,"column":34},"end":{"line":193,"column":45}},{"start":{"line":193,"column":48},"end":{"line":193,"column":57}}],"line":193},"16":{"loc":{"start":{"line":194,"column":23},"end":{"line":194,"column":76}},"type":"cond-expr","locations":[{"start":{"line":194,"column":34},"end":{"line":194,"column":35}},{"start":{"line":194,"column":39},"end":{"line":194,"column":75}}],"line":194},"17":{"loc":{"start":{"line":201,"column":15},"end":{"line":204,"column":8}},"type":"binary-expr","locations":[{"start":{"line":201,"column":15},"end":{"line":201,"column":25}},{"start":{"line":201,"column":29},"end":{"line":204,"column":8}}],"line":201},"18":{"loc":{"start":{"line":216,"column":4},"end":{"line":216,"column":59}},"type":"if","locations":[{"start":{"line":216,"column":4},"end":{"line":216,"column":59}},{"start":{},"end":{}}],"line":216},"19":{"loc":{"start":{"line":226,"column":29},"end":{"line":226,"column":56}},"type":"cond-expr","locations":[{"start":{"line":226,"column":41},"end":{"line":226,"column":50}},{"start":{"line":226,"column":53},"end":{"line":226,"column":56}}],"line":226},"20":{"loc":{"start":{"line":230,"column":4},"end":{"line":232,"column":66}},"type":"if","locations":[{"start":{"line":230,"column":4},"end":{"line":232,"column":66}},{"start":{"line":231,"column":9},"end":{"line":232,"column":66}}],"line":230},"21":{"loc":{"start":{"line":231,"column":9},"end":{"line":232,"column":66}},"type":"if","locations":[{"start":{"line":231,"column":9},"end":{"line":232,"column":66}},{"start":{"line":232,"column":25},"end":{"line":232,"column":66}}],"line":231},"22":{"loc":{"start":{"line":265,"column":6},"end":{"line":265,"column":35}},"type":"if","locations":[{"start":{"line":265,"column":6},"end":{"line":265,"column":35}},{"start":{},"end":{}}],"line":265},"23":{"loc":{"start":{"line":296,"column":4},"end":{"line":296,"column":29}},"type":"if","locations":[{"start":{"line":296,"column":4},"end":{"line":296,"column":29}},{"start":{},"end":{}}],"line":296},"24":{"loc":{"start":{"line":306,"column":6},"end":{"line":310,"column":7}},"type":"if","locations":[{"start":{"line":306,"column":6},"end":{"line":310,"column":7}},{"start":{},"end":{}}],"line":306},"25":{"loc":{"start":{"line":312,"column":4},"end":{"line":312,"column":24}},"type":"if","locations":[{"start":{"line":312,"column":4},"end":{"line":312,"column":24}},{"start":{},"end":{}}],"line":312},"26":{"loc":{"start":{"line":314,"column":4},"end":{"line":314,"column":41}},"type":"if","locations":[{"start":{"line":314,"column":4},"end":{"line":314,"column":41}},{"start":{"line":314,"column":32},"end":{"line":314,"column":41}}],"line":314}},"s":{"0":3,"1":3,"2":3,"3":3,"4":3,"5":3,"6":3,"7":3,"8":3,"9":3,"10":3,"11":3,"12":3,"13":3,"14":3,"15":3,"16":3,"17":3,"18":3,"19":3,"20":3,"21":3,"22":3,"23":3,"24":3,"25":3,"26":3,"27":3,"28":3,"29":3,"30":3,"31":3,"32":3,"33":3,"34":3,"35":3,"36":33,"37":33,"38":904,"39":332,"40":0,"41":0,"42":0,"43":0,"44":0,"45":0,"46":0,"47":0,"48":0,"49":0,"50":0,"51":0,"52":0,"53":0,"54":0,"55":0,"56":0,"57":0,"58":0,"59":0,"60":0,"61":0,"62":0,"63":0,"64":0,"65":0,"66":0,"67":0,"68":0,"69":0,"70":0,"71":0,"72":0,"73":0,"74":0,"75":0,"76":0,"77":0,"78":0,"79":0,"80":0,"81":0,"82":0,"83":0,"84":0,"85":0,"86":0,"87":0,"88":0,"89":0,"90":0,"91":0,"92":0,"93":0,"94":0,"95":0,"96":0,"97":0,"98":0,"99":0,"100":0,"101":0,"102":0,"103":0,"104":0,"105":0,"106":0,"107":0,"108":0,"109":0,"110":0,"111":0,"112":0,"113":0,"114":0,"115":0,"116":0,"117":0,"118":0,"119":27,"120":27,"121":27,"122":27,"123":135,"124":27,"125":27,"126":27,"127":162,"128":27,"129":27,"130":162,"131":162,"132":27,"133":27,"134":27,"135":27,"136":189,"137":189,"138":189,"139":27,"140":189,"141":189,"142":189,"143":189,"144":286,"145":286,"146":286,"147":808,"148":808,"149":189,"150":27,"151":0,"152":0,"153":0,"154":0,"155":0,"156":0,"157":32,"158":32,"159":32,"160":32,"161":32,"162":32,"163":32,"164":32,"165":32,"166":0,"167":32,"168":0,"169":32,"170":8,"171":2,"172":2,"173":2,"174":2,"175":2,"176":2,"177":2,"178":2,"179":2,"180":2,"181":2,"182":2,"183":2,"184":25,"185":2,"186":6,"187":6,"188":2,"189":30,"190":30,"191":30,"192":1,"193":1,"194":1,"195":1,"196":1,"197":1,"198":1,"199":1,"200":1,"201":1,"202":1,"203":1,"204":1,"205":0,"206":0,"207":0,"208":0,"209":0,"210":0,"211":0,"212":0,"213":0,"214":0,"215":0,"216":0,"217":0,"218":0,"219":0,"220":0,"221":0,"222":0,"223":0,"224":0,"225":0,"226":3,"227":0,"228":3,"229":0,"230":0,"231":0,"232":3},"f":{"0":3,"1":33,"2":904,"3":332,"4":0,"5":0,"6":0,"7":0,"8":0,"9":0,"10":0,"11":0,"12":27,"13":135,"14":808,"15":0,"16":32,"17":8,"18":2,"19":25,"20":6,"21":30,"22":1,"23":0,"24":0,"25":0},"b":{"0":[3,3],"1":[3,3],"2":[3,3],"3":[3,3],"4":[33,0],"5":[0,0],"6":[0,0],"7":[0,0],"8":[0,0],"9":[0,0,0,0,0],"10":[0,0],"11":[0,0,0,0],"12":[0,0],"13":[189,27],"14":[27,162],"15":[27,162],"16":[27,162],"17":[286,286],"18":[0,0],"19":[0,32],"20":[0,32],"21":[0,32],"22":[1,29],"23":[0,0],"24":[0,0],"25":[0,0],"26":[0,0]},"inputSourceMap":null,"_coverageSchema":"1a1c01bbd47fc00a2c39e90264f33305004495a9","hash":"1579f9b9c4b15f3fac3897f5f80989575131d958"}
}
