TN:
SF:js/demo.js
FN:5,(anonymous_0)
FN:57,getAccuracy
FN:62,rand
FN:63,randInt
FN:66,applyStroke
FN:73,drawCircle
FN:81,drawSquare
FN:91,drawTriangle
FN:103,drawStar
FN:120,drawDiamond
FN:133,drawShape
FN:156,hitTest
FN:169,placeShapes
FN:175,(anonymous_13)
FN:201,(anonymous_14)
FN:212,render
FN:220,updateUI
FN:235,setTargetLabel
FN:240,startGame
FN:253,(anonymous_19)
FN:257,(anonymous_20)
FN:262,(anonymous_21)
FN:269,endGame
FN:295,handleInput
FN:319,(anonymous_24)
FN:320,(anonymous_25)
FNF:26
FNH:14
FNDA:3,(anonymous_0)
FNDA:33,getAccuracy
FNDA:904,rand
FNDA:332,randInt
FNDA:0,applyStroke
FNDA:0,drawCircle
FNDA:0,drawSquare
FNDA:0,drawTriangle
FNDA:0,drawStar
FNDA:0,drawDiamond
FNDA:0,drawShape
FNDA:0,hitTest
FNDA:27,placeShapes
FNDA:135,(anonymous_13)
FNDA:808,(anonymous_14)
FNDA:0,render
FNDA:32,updateUI
FNDA:8,setTargetLabel
FNDA:2,startGame
FNDA:25,(anonymous_19)
FNDA:6,(anonymous_20)
FNDA:30,(anonymous_21)
FNDA:1,endGame
FNDA:0,handleInput
FNDA:0,(anonymous_24)
FNDA:0,(anonymous_25)
DA:5,3
DA:9,3
DA:10,3
DA:11,3
DA:12,3
DA:13,3
DA:14,3
DA:16,3
DA:17,3
DA:18,3
DA:20,3
DA:26,3
DA:27,3
DA:28,3
DA:29,3
DA:30,3
DA:31,3
DA:32,3
DA:33,3
DA:34,3
DA:35,3
DA:36,3
DA:39,3
DA:40,3
DA:41,3
DA:42,3
DA:43,3
DA:44,3
DA:45,3
DA:46,3
DA:47,3
DA:50,3
DA:51,3
DA:52,3
DA:53,3
DA:54,3
DA:58,33
DA:59,33
DA:62,904
DA:63,332
DA:67,0
DA:68,0
DA:69,0
DA:70,0
DA:74,0
DA:75,0
DA:76,0
DA:77,0
DA:78,0
DA:82,0
DA:83,0
DA:84,0
DA:85,0
DA:86,0
DA:87,0
DA:88,0
DA:92,0
DA:93,0
DA:94,0
DA:95,0
DA:96,0
DA:97,0
DA:98,0
DA:99,0
DA:100,0
DA:104,0
DA:105,0
DA:106,0
DA:107,0
DA:108,0
DA:109,0
DA:110,0
DA:111,0
DA:112,0
DA:114,0
DA:115,0
DA:116,0
DA:117,0
DA:121,0
DA:122,0
DA:123,0
DA:124,0
DA:125,0
DA:126,0
DA:127,0
DA:128,0
DA:129,0
DA:130,0
DA:134,0
DA:135,0
DA:136,0
DA:137,0
DA:138,0
DA:139,0
DA:140,0
DA:141,0
DA:144,0
DA:145,0
DA:146,0
DA:147,0
DA:148,0
DA:149,0
DA:150,0
DA:151,0
DA:157,0
DA:158,0
DA:159,0
DA:160,0
DA:161,0
DA:163,0
DA:164,0
DA:170,27
DA:171,27
DA:172,27
DA:175,135
DA:176,27
DA:177,27
DA:178,162
DA:181,27
DA:182,162
DA:183,162
DA:186,27
DA:187,27
DA:189,27
DA:190,189
DA:191,189
DA:192,189
DA:193,189
DA:194,189
DA:196,189
DA:197,189
DA:198,286
DA:199,286
DA:200,286
DA:202,808
DA:203,808
DA:206,189
DA:208,27
DA:213,0
DA:214,0
DA:215,0
DA:216,0
DA:221,32
DA:222,32
DA:223,32
DA:224,32
DA:225,32
DA:226,32
DA:227,32
DA:228,32
DA:230,32
DA:231,32
DA:232,32
DA:236,8
DA:241,2
DA:242,2
DA:244,2
DA:245,2
DA:247,2
DA:248,2
DA:249,2
DA:250,2
DA:251,2
DA:253,2
DA:254,25
DA:257,2
DA:258,6
DA:259,6
DA:262,2
DA:263,30
DA:264,30
DA:265,30
DA:270,1
DA:271,1
DA:272,1
DA:273,1
DA:274,1
DA:276,1
DA:277,1
DA:280,1
DA:281,1
DA:283,1
DA:284,1
DA:291,1
DA:296,0
DA:297,0
DA:298,0
DA:299,0
DA:300,0
DA:301,0
DA:303,0
DA:304,0
DA:305,0
DA:306,0
DA:307,0
DA:308,0
DA:309,0
DA:312,0
DA:314,0
DA:315,0
DA:316,0
DA:319,3
DA:320,3
DA:321,0
DA:322,0
DA:323,0
DA:327,3
LF:207
LH:112
BRDA:51,0,0,3
BRDA:51,0,1,3
BRDA:52,1,0,3
BRDA:52,1,1,3
BRDA:53,2,0,3
BRDA:53,2,1,3
BRDA:54,3,0,3
BRDA:54,3,1,3
BRDA:59,4,0,33
BRDA:59,4,1,0
BRDA:67,5,0,0
BRDA:67,5,1,0
BRDA:84,6,0,0
BRDA:84,6,1,0
BRDA:108,7,0,0
BRDA:108,7,1,0
BRDA:112,8,0,0
BRDA:112,8,1,0
BRDA:136,9,0,0
BRDA:136,9,1,0
BRDA:136,9,2,0
BRDA:136,9,3,0
BRDA:136,9,4,0
BRDA:144,10,0,0
BRDA:144,10,1,0
BRDA:160,11,0,0
BRDA:160,11,1,0
BRDA:160,11,2,0
BRDA:160,11,3,0
BRDA:164,12,0,0
BRDA:164,12,1,0
BRDA:191,13,0,189
BRDA:191,13,1,27
BRDA:192,14,0,27
BRDA:192,14,1,162
BRDA:193,15,0,27
BRDA:193,15,1,162
BRDA:194,16,0,27
BRDA:194,16,1,162
BRDA:201,17,0,286
BRDA:201,17,1,286
BRDA:216,18,0,0
BRDA:216,18,1,0
BRDA:226,19,0,0
BRDA:226,19,1,32
BRDA:230,20,0,0
BRDA:230,20,1,32
BRDA:231,21,0,0
BRDA:231,21,1,32
BRDA:265,22,0,1
BRDA:265,22,1,29
BRDA:296,23,0,0
BRDA:296,23,1,0
BRDA:306,24,0,0
BRDA:306,24,1,0
BRDA:312,25,0,0
BRDA:312,25,1,0
BRDA:314,26,0,0
BRDA:314,26,1,0
BRF:59
BRH:24
end_of_record
